000 (7379641.000.000) 09/05 12:49:24 Job submitted from host: <137.138.156.150:9618?addrs=137.138.156.150-9618+[2001-1458-d00-14--9a]-9618&alias=bigbird13.cern.ch&noUDP&sock=schedd_1788_ff6c>
...
040 (7379641.000.000) 09/05 12:51:48 Started transferring input files
	Transferring to host: <128.142.56.10:9618?addrs=128.142.56.10-9618+[2001-1458-301-6--100-9]-9618&alias=b7s01p5233.cern.ch&noUDP&sock=slot1_29_3359_7822_72292>
...
040 (7379641.000.000) 09/05 12:51:48 Finished transferring input files
...
001 (7379641.000.000) 09/05 12:51:49 Job executing on host: <128.142.56.10:9618?addrs=128.142.56.10-9618+[2001-1458-301-6--100-9]-9618&alias=b7s01p5233.cern.ch&noUDP&sock=startd_2815_6f30>
...
006 (7379641.000.000) 09/05 12:51:58 Image size of job updated: 264496
	1  -  MemoryUsage of job (MB)
	848  -  ResidentSetSize of job (KB)
...
006 (7379641.000.000) 09/05 12:56:59 Image size of job updated: 264496
	1  -  MemoryUsage of job (MB)
	888  -  ResidentSetSize of job (KB)
...
006 (7379641.000.000) 09/05 14:37:12 Image size of job updated: 765008
	121  -  MemoryUsage of job (MB)
	123192  -  ResidentSetSize of job (KB)
...
006 (7379641.000.000) 09/05 14:42:13 Image size of job updated: 4765836
	1983  -  MemoryUsage of job (MB)
	2030184  -  ResidentSetSize of job (KB)
...
006 (7379641.000.000) 09/05 14:47:13 Image size of job updated: 5027980
	2155  -  MemoryUsage of job (MB)
	2206560  -  ResidentSetSize of job (KB)
...
006 (7379641.000.000) 09/05 14:52:14 Image size of job updated: 5027980
	2227  -  MemoryUsage of job (MB)
	2280200  -  ResidentSetSize of job (KB)
...
006 (7379641.000.000) 09/05 14:57:15 Image size of job updated: 5027980
	2228  -  MemoryUsage of job (MB)
	2281392  -  ResidentSetSize of job (KB)
...
006 (7379641.000.000) 09/05 15:02:15 Image size of job updated: 5027980
	2228  -  MemoryUsage of job (MB)
	2281396  -  ResidentSetSize of job (KB)
...
040 (7379641.000.000) 09/05 18:00:46 Started transferring output files
...
040 (7379641.000.000) 09/05 18:00:46 Finished transferring output files
...
005 (7379641.000.000) 09/05 18:00:46 Job terminated.
	(1) Normal termination (return value 0)
		Usr 0 03:18:11, Sys 0 00:01:02  -  Run Remote Usage
		Usr 0 00:00:00, Sys 0 00:00:00  -  Run Local Usage
		Usr 0 03:18:11, Sys 0 00:01:02  -  Total Remote Usage
		Usr 0 00:00:00, Sys 0 00:00:00  -  Total Local Usage
	1154312  -  Run Bytes Sent By Job
	1360  -  Run Bytes Received By Job
	1154312  -  Total Bytes Sent By Job
	1360  -  Total Bytes Received By Job
	Partitionable Resources :      Usage  Request Allocated 
	   Cpus                 :       0.96        1         1 
	   Disk (KB)            : 2417607           2   1274553 
	   Memory (MB)          :    2228        2000      2000 

	Job terminated of its own accord at 2022-09-05T16:00:46Z.
...
