000 (7379642.000.000) 09/05 12:49:24 Job submitted from host: <137.138.156.150:9618?addrs=137.138.156.150-9618+[2001-1458-d00-14--9a]-9618&alias=bigbird13.cern.ch&noUDP&sock=schedd_1788_ff6c>
...
040 (7379642.000.000) 09/05 12:51:48 Started transferring input files
	Transferring to host: <188.184.165.65:9618?addrs=188.184.165.65-9618+[2001-1458-301-51--100-3c]-9618&alias=b7s14p4202.cern.ch&noUDP&sock=slot1_3_4150_cce2_42719>
...
040 (7379642.000.000) 09/05 12:51:48 Finished transferring input files
...
001 (7379642.000.000) 09/05 12:51:49 Job executing on host: <188.184.165.65:9618?addrs=188.184.165.65-9618+[2001-1458-301-51--100-3c]-9618&alias=b7s14p4202.cern.ch&noUDP&sock=startd_3258_4ba5>
...
006 (7379642.000.000) 09/05 12:51:58 Image size of job updated: 264496
	1  -  MemoryUsage of job (MB)
	856  -  ResidentSetSize of job (KB)
...
006 (7379642.000.000) 09/05 12:56:58 Image size of job updated: 264496
	1  -  MemoryUsage of job (MB)
	892  -  ResidentSetSize of job (KB)
...
006 (7379642.000.000) 09/05 14:37:06 Image size of job updated: 2257168
	162  -  MemoryUsage of job (MB)
	165652  -  ResidentSetSize of job (KB)
...
006 (7379642.000.000) 09/05 14:42:06 Image size of job updated: 4765496
	1963  -  MemoryUsage of job (MB)
	2009396  -  ResidentSetSize of job (KB)
...
006 (7379642.000.000) 09/05 14:47:07 Image size of job updated: 5027724
	2103  -  MemoryUsage of job (MB)
	2152636  -  ResidentSetSize of job (KB)
...
006 (7379642.000.000) 09/05 14:52:08 Image size of job updated: 5027724
	2225  -  MemoryUsage of job (MB)
	2277832  -  ResidentSetSize of job (KB)
...
006 (7379642.000.000) 09/05 15:02:09 Image size of job updated: 5027724
	2225  -  MemoryUsage of job (MB)
	2278328  -  ResidentSetSize of job (KB)
...
006 (7379642.000.000) 09/05 15:07:10 Image size of job updated: 5027724
	2225  -  MemoryUsage of job (MB)
	2278332  -  ResidentSetSize of job (KB)
...
006 (7379642.000.000) 09/05 16:27:20 Image size of job updated: 5027728
	2225  -  MemoryUsage of job (MB)
	2278332  -  ResidentSetSize of job (KB)
...
040 (7379642.000.000) 09/05 18:47:41 Started transferring output files
...
040 (7379642.000.000) 09/05 18:47:42 Finished transferring output files
...
005 (7379642.000.000) 09/05 18:47:42 Job terminated.
	(1) Normal termination (return value 0)
		Usr 0 04:08:52, Sys 0 00:01:26  -  Run Remote Usage
		Usr 0 00:00:00, Sys 0 00:00:00  -  Run Local Usage
		Usr 0 04:08:52, Sys 0 00:01:26  -  Total Remote Usage
		Usr 0 00:00:00, Sys 0 00:00:00  -  Total Local Usage
	1156332  -  Run Bytes Sent By Job
	1360  -  Run Bytes Received By Job
	1156332  -  Total Bytes Sent By Job
	1360  -  Total Bytes Received By Job
	Partitionable Resources :      Usage  Request Allocated 
	   Cpus                 :       1.00        1         1 
	   Disk (KB)            : 2415712           2   3024779 
	   Memory (MB)          :    2225        2000      2000 

	Job terminated of its own accord at 2022-09-05T16:47:41Z.
...
