000 (7379636.000.000) 09/05 12:49:13 Job submitted from host: <137.138.156.150:9618?addrs=137.138.156.150-9618+[2001-1458-d00-14--9a]-9618&alias=bigbird13.cern.ch&noUDP&sock=schedd_1788_ff6c>
...
040 (7379636.000.000) 09/05 12:51:46 Started transferring input files
	Transferring to host: <128.142.61.11:9618?addrs=128.142.61.11-9618+[2001-1458-301-23--100-a]-9618&alias=b7s06p7354.cern.ch&noUDP&sock=slot1_2_3618_f54c_176145>
...
040 (7379636.000.000) 09/05 12:51:46 Finished transferring input files
...
001 (7379636.000.000) 09/05 12:51:47 Job executing on host: <128.142.61.11:9618?addrs=128.142.61.11-9618+[2001-1458-301-23--100-a]-9618&alias=b7s06p7354.cern.ch&noUDP&sock=startd_2956_260b>
...
006 (7379636.000.000) 09/05 12:51:56 Image size of job updated: 19900
	1  -  MemoryUsage of job (MB)
	848  -  ResidentSetSize of job (KB)
...
006 (7379636.000.000) 09/05 12:56:57 Image size of job updated: 264496
	1  -  MemoryUsage of job (MB)
	888  -  ResidentSetSize of job (KB)
...
006 (7379636.000.000) 09/05 14:37:07 Image size of job updated: 264576
	37  -  MemoryUsage of job (MB)
	37744  -  ResidentSetSize of job (KB)
...
006 (7379636.000.000) 09/05 14:42:09 Image size of job updated: 4765228
	1968  -  MemoryUsage of job (MB)
	2014640  -  ResidentSetSize of job (KB)
...
006 (7379636.000.000) 09/05 14:47:09 Image size of job updated: 5027372
	2205  -  MemoryUsage of job (MB)
	2257512  -  ResidentSetSize of job (KB)
...
006 (7379636.000.000) 09/05 14:52:09 Image size of job updated: 5027460
	2205  -  MemoryUsage of job (MB)
	2257512  -  ResidentSetSize of job (KB)
...
040 (7379636.000.000) 09/05 17:37:51 Started transferring output files
...
040 (7379636.000.000) 09/05 17:37:51 Finished transferring output files
...
005 (7379636.000.000) 09/05 17:37:51 Job terminated.
	(1) Normal termination (return value 0)
		Usr 0 02:58:27, Sys 0 00:01:06  -  Run Remote Usage
		Usr 0 00:00:00, Sys 0 00:00:00  -  Run Local Usage
		Usr 0 02:58:27, Sys 0 00:01:06  -  Total Remote Usage
		Usr 0 00:00:00, Sys 0 00:00:00  -  Total Local Usage
	1164425  -  Run Bytes Sent By Job
	1360  -  Run Bytes Received By Job
	1164425  -  Total Bytes Sent By Job
	1360  -  Total Bytes Received By Job
	Partitionable Resources :      Usage  Request Allocated 
	   Cpus                 :       1.00        1         1 
	   Disk (KB)            : 2416161           2   1333285 
	   Memory (MB)          :    2205        2000      2000 

	Job terminated of its own accord at 2022-09-05T15:37:51Z.
...
