000 (7379640.000.000) 09/05 12:49:23 Job submitted from host: <137.138.156.150:9618?addrs=137.138.156.150-9618+[2001-1458-d00-14--9a]-9618&alias=bigbird13.cern.ch&noUDP&sock=schedd_1788_ff6c>
...
040 (7379640.000.000) 09/05 12:51:47 Started transferring input files
	Transferring to host: <128.142.61.39:9618?addrs=128.142.61.39-9618+[2001-1458-301-23--100-26]-9618&alias=b7s06p7473.cern.ch&noUDP&sock=slot1_63_3240_9f7d_98604>
...
040 (7379640.000.000) 09/05 12:51:47 Finished transferring input files
...
001 (7379640.000.000) 09/05 12:51:48 Job executing on host: <128.142.61.39:9618?addrs=128.142.61.39-9618+[2001-1458-301-23--100-26]-9618&alias=b7s06p7473.cern.ch&noUDP&sock=startd_2848_11d0>
...
006 (7379640.000.000) 09/05 12:51:57 Image size of job updated: 264496
	1  -  MemoryUsage of job (MB)
	852  -  ResidentSetSize of job (KB)
...
006 (7379640.000.000) 09/05 12:56:58 Image size of job updated: 264496
	1  -  MemoryUsage of job (MB)
	888  -  ResidentSetSize of job (KB)
...
006 (7379640.000.000) 09/05 14:37:07 Image size of job updated: 264576
	30  -  MemoryUsage of job (MB)
	29972  -  ResidentSetSize of job (KB)
...
006 (7379640.000.000) 09/05 14:42:07 Image size of job updated: 4765740
	1963  -  MemoryUsage of job (MB)
	2009188  -  ResidentSetSize of job (KB)
...
006 (7379640.000.000) 09/05 14:47:07 Image size of job updated: 5027972
	2157  -  MemoryUsage of job (MB)
	2208744  -  ResidentSetSize of job (KB)
...
006 (7379640.000.000) 09/05 14:52:08 Image size of job updated: 5027972
	2204  -  MemoryUsage of job (MB)
	2256788  -  ResidentSetSize of job (KB)
...
006 (7379640.000.000) 09/05 14:57:08 Image size of job updated: 5027972
	2212  -  MemoryUsage of job (MB)
	2264396  -  ResidentSetSize of job (KB)
...
006 (7379640.000.000) 09/05 15:02:08 Image size of job updated: 5290116
	2212  -  MemoryUsage of job (MB)
	2264396  -  ResidentSetSize of job (KB)
...
040 (7379640.000.000) 09/05 17:48:19 Started transferring output files
...
040 (7379640.000.000) 09/05 17:48:19 Finished transferring output files
...
005 (7379640.000.000) 09/05 17:48:19 Job terminated.
	(1) Normal termination (return value 0)
		Usr 0 03:09:21, Sys 0 00:01:02  -  Run Remote Usage
		Usr 0 00:00:00, Sys 0 00:00:00  -  Run Local Usage
		Usr 0 03:09:21, Sys 0 00:01:02  -  Total Remote Usage
		Usr 0 00:00:00, Sys 0 00:00:00  -  Total Local Usage
	1158408  -  Run Bytes Sent By Job
	1360  -  Run Bytes Received By Job
	1158408  -  Total Bytes Sent By Job
	1360  -  Total Bytes Received By Job
	Partitionable Resources :      Usage  Request Allocated 
	   Cpus                 :       0.99        1         1 
	   Disk (KB)            : 2417049           2   1324474 
	   Memory (MB)          :    2212        2000      2000 

	Job terminated of its own accord at 2022-09-05T15:48:19Z.
...
