000 (7379639.000.000) 09/05 12:49:22 Job submitted from host: <137.138.156.150:9618?addrs=137.138.156.150-9618+[2001-1458-d00-14--9a]-9618&alias=bigbird13.cern.ch&noUDP&sock=schedd_1788_ff6c>
...
040 (7379639.000.000) 09/05 12:51:48 Started transferring input files
	Transferring to host: <128.142.61.140:9618?addrs=128.142.61.140-9618&alias=b7s06p1263.cern.ch&noUDP&sock=slot1_11_4742_eafa_264365>
...
040 (7379639.000.000) 09/05 12:51:48 Finished transferring input files
...
001 (7379639.000.000) 09/05 12:51:49 Job executing on host: <128.142.61.140:9618?addrs=128.142.61.140-9618&alias=b7s06p1263.cern.ch&noUDP&sock=startd_4395_2ed3>
...
006 (7379639.000.000) 09/05 12:51:58 Image size of job updated: 21100
	1  -  MemoryUsage of job (MB)
	860  -  ResidentSetSize of job (KB)
...
006 (7379639.000.000) 09/05 12:56:59 Image size of job updated: 264496
	1  -  MemoryUsage of job (MB)
	888  -  ResidentSetSize of job (KB)
...
006 (7379639.000.000) 09/05 14:37:08 Image size of job updated: 3175428
	664  -  MemoryUsage of job (MB)
	679172  -  ResidentSetSize of job (KB)
...
006 (7379639.000.000) 09/05 14:42:08 Image size of job updated: 4766088
	1964  -  MemoryUsage of job (MB)
	2010560  -  ResidentSetSize of job (KB)
...
006 (7379639.000.000) 09/05 14:47:09 Image size of job updated: 5028232
	2224  -  MemoryUsage of job (MB)
	2277160  -  ResidentSetSize of job (KB)
...
006 (7379639.000.000) 09/05 14:52:10 Image size of job updated: 5028232
	2224  -  MemoryUsage of job (MB)
	2277164  -  ResidentSetSize of job (KB)
...
006 (7379639.000.000) 09/05 14:57:10 Image size of job updated: 5290376
	2224  -  MemoryUsage of job (MB)
	2277164  -  ResidentSetSize of job (KB)
...
006 (7379639.000.000) 09/05 15:02:10 Image size of job updated: 5290380
	2224  -  MemoryUsage of job (MB)
	2277164  -  ResidentSetSize of job (KB)
...
040 (7379639.000.000) 09/05 17:14:32 Started transferring output files
...
040 (7379639.000.000) 09/05 17:14:32 Finished transferring output files
...
005 (7379639.000.000) 09/05 17:14:32 Job terminated.
	(1) Normal termination (return value 0)
		Usr 0 02:36:40, Sys 0 00:00:46  -  Run Remote Usage
		Usr 0 00:00:00, Sys 0 00:00:00  -  Run Local Usage
		Usr 0 02:36:40, Sys 0 00:00:46  -  Total Remote Usage
		Usr 0 00:00:00, Sys 0 00:00:00  -  Total Local Usage
	1168427  -  Run Bytes Sent By Job
	1360  -  Run Bytes Received By Job
	1168427  -  Total Bytes Sent By Job
	1360  -  Total Bytes Received By Job
	Partitionable Resources :      Usage  Request Allocated 
	   Cpus                 :       0.99        1         1 
	   Disk (KB)            : 2412581           2   1275914 
	   Memory (MB)          :    2224        2000      2000 

	Job terminated of its own accord at 2022-09-05T15:14:32Z.
...
